<?xml version="1.0" encoding="UTF-8"?>
<testsuite name="com.crud.tasks.TestMapper" tests="6" skipped="0" failures="0" errors="0" timestamp="2020-03-23T09:58:00" hostname="MacBook-Pro-Sebastian.local" time="0.01">
  <properties/>
  <testcase name="testMapToListDto" classname="com.crud.tasks.TestMapper" time="0.002"/>
  <testcase name="testMapToCardDto" classname="com.crud.tasks.TestMapper" time="0.0"/>
  <testcase name="testMapToBoards" classname="com.crud.tasks.TestMapper" time="0.001"/>
  <testcase name="testMapToCard" classname="com.crud.tasks.TestMapper" time="0.0"/>
  <testcase name="testMapToList" classname="com.crud.tasks.TestMapper" time="0.0"/>
  <testcase name="testMapToBoardsDto" classname="com.crud.tasks.TestMapper" time="0.001"/>
  <system-out><![CDATA[]]></system-out>
  <system-err><![CDATA[]]></system-err>
</testsuite>
