<?xml version="1.0" encoding="UTF-8"?>
<testsuite name="com.crud.tasks.service.SimpleEmailServiceTest" tests="1" skipped="0" failures="0" errors="0" timestamp="2020-02-26T16:11:28" hostname="MacBook-Pro-Sebastian.local" time="0.027">
  <properties/>
  <testcase name="shouldSendEmail" classname="com.crud.tasks.service.SimpleEmailServiceTest" time="0.027"/>
  <system-out><![CDATA[17:11:28.337 [Test worker] INFO org.springframework.mail.SimpleMailMessage - Starting email preparation...
Puste pole CC - nie zostaÅ‚ ustanowiony nowy odbiorca
17:11:28.353 [Test worker] INFO org.springframework.mail.SimpleMailMessage - Email has been sent.
]]></system-out>
  <system-err><![CDATA[]]></system-err>
</testsuite>
